<?xml version="1.0" encoding="UTF-8"?>
<!-- Generated by org.testng.reporters.JUnitReportReporter -->
<testsuite hostname="LAPTOP-6E02MEAA" failures="0" tests="2" name="MiniProject.MiniProject.Testing" time="55.406" errors="0" timestamp="2022-07-19T23:30:06 IST" skipped="0">
  <testcase classname="MiniProject.MiniProject.Testing" name="logoDisplay" time="19.887"/>
  <system-out/>
  <testcase classname="MiniProject.MiniProject.Testing" name="clickable" time="35.519"/>
  <system-out/>
</testsuite> <!-- MiniProject.MiniProject.Testing -->
