<?xml version="1.0" encoding="UTF-8"?>
<!-- Generated by org.testng.reporters.JUnitReportReporter -->
<testsuite hostname="LAPTOP-6E02MEAA" failures="0" tests="2" name="testCases.Testing" time="41.784" errors="0" timestamp="2022-07-24T14:22:51 IST" skipped="0">
  <testcase classname="testCases.Testing" name="linkClickableTest" time="24.994"/>
  <system-out/>
  <testcase classname="testCases.Testing" name="logoDisplayTest" time="16.790"/>
  <system-out/>
</testsuite> <!-- testCases.Testing -->
